<?xml version="1.0" encoding="UTF-8"?>
<!-- Generated by org.testng.reporters.JUnitReportReporter -->
<testsuite hostname="DESKTOP-7RQ531E" failures="0" tests="1" name="com.eva.vtiger.testscript.smoke1.FireFox" time="6.917" errors="0" timestamp="2024-07-19T21:23:07 IST" skipped="0">
  <testcase classname="com.eva.vtiger.testscript.smoke1.FireFox" name="firefox" time="6.917"/>
  <system-out/>
</testsuite> <!-- com.eva.vtiger.testscript.smoke1.FireFox -->
