<?xml version="1.0" encoding="UTF-8"?>
<!-- Generated by org.testng.reporters.JUnitReportReporter -->
<testsuite hostname="DESKTOP-7RQ531E" failures="0" tests="1" name="com.eva.vtiger.testscript.smoke1.Edge" time="6.965" errors="0" timestamp="2024-07-19T21:23:07 IST" skipped="0">
  <testcase classname="com.eva.vtiger.testscript.smoke1.Edge" name="edge" time="6.965"/>
  <system-out/>
</testsuite> <!-- com.eva.vtiger.testscript.smoke1.Edge -->
